TN:
SF:src/ejercicio-2/Nopipe.ts
FN:12,NoPipe
FN:21,contarLineas
FN:42,contarPalabras
FN:62,contarCaracteres
FNF:4
FNH:4
FNDA:6,NoPipe
FNDA:2,contarLineas
FNDA:2,contarPalabras
FNDA:2,contarCaracteres
DA:1,1
DA:2,1
DA:3,1
DA:4,1
DA:5,1
DA:6,1
DA:7,1
DA:8,1
DA:9,1
DA:10,1
DA:11,1
DA:12,1
DA:13,6
DA:14,6
DA:15,1
DA:16,1
DA:17,1
DA:18,1
DA:19,1
DA:20,1
DA:21,1
DA:22,2
DA:23,2
DA:24,2
DA:25,1
DA:26,1
DA:27,1
DA:28,1
DA:29,1
DA:30,1
DA:31,1
DA:32,1
DA:33,1
DA:34,1
DA:35,2
DA:36,1
DA:37,1
DA:38,1
DA:39,1
DA:40,1
DA:41,1
DA:42,1
DA:43,2
DA:44,2
DA:45,2
DA:46,1
DA:47,1
DA:48,1
DA:49,1
DA:50,1
DA:51,1
DA:52,1
DA:53,1
DA:54,1
DA:55,2
DA:56,1
DA:57,1
DA:58,1
DA:59,1
DA:60,1
DA:61,1
DA:62,1
DA:63,2
DA:64,2
DA:65,2
DA:66,2
DA:67,1
DA:68,1
DA:69,1
DA:70,1
DA:71,1
DA:72,1
DA:73,1
DA:74,1
DA:75,1
DA:76,1
DA:77,2
DA:78,2
DA:79,1
DA:80,1
DA:81,1
DA:82,1
DA:83,1
DA:84,1
DA:85,1
DA:86,1
DA:87,1
DA:88,1
DA:89,1
DA:90,1
DA:91,1
DA:92,1
DA:93,1
DA:94,1
DA:95,1
LF:95
LH:95
BRDA:12,0,0,6
BRDA:21,1,0,2
BRDA:24,2,0,1
BRDA:42,3,0,2
BRDA:45,4,0,1
BRDA:62,5,0,2
BRDA:66,6,0,1
BRF:7
BRH:7
end_of_record
TN:
SF:src/ejercicio-2/Sipipe.ts
FN:8,SiPipe
FN:12,contarLineas
FN:37,contarPalabras
FN:62,contarCaracteres
FNF:4
FNH:4
FNDA:6,SiPipe
FNDA:1,contarLineas
FNDA:1,contarPalabras
FNDA:1,contarCaracteres
DA:1,1
DA:2,1
DA:3,1
DA:4,1
DA:5,1
DA:6,1
DA:7,1
DA:8,1
DA:9,6
DA:10,6
DA:11,1
DA:12,1
DA:13,1
DA:14,1
DA:15,1
DA:16,1
DA:17,1
DA:18,1
DA:19,1
DA:20,1
DA:21,1
DA:22,1
DA:23,1
DA:24,1
DA:25,1
DA:26,1
DA:27,1
DA:28,1
DA:29,1
DA:30,1
DA:31,1
DA:32,1
DA:33,1
DA:34,1
DA:35,1
DA:36,1
DA:37,1
DA:38,1
DA:39,1
DA:40,1
DA:41,1
DA:42,1
DA:43,1
DA:44,1
DA:45,1
DA:46,1
DA:47,1
DA:48,1
DA:49,1
DA:50,1
DA:51,1
DA:52,1
DA:53,1
DA:54,1
DA:55,1
DA:56,1
DA:57,1
DA:58,1
DA:59,1
DA:60,1
DA:61,1
DA:62,1
DA:63,1
DA:64,1
DA:65,1
DA:66,1
DA:67,1
DA:68,1
DA:69,1
DA:70,1
DA:71,1
DA:72,1
DA:73,1
DA:74,1
DA:75,1
DA:76,1
DA:77,1
DA:78,1
DA:79,1
DA:80,1
DA:81,1
DA:82,1
DA:83,1
DA:84,1
DA:85,1
DA:86,1
DA:87,1
DA:88,1
DA:89,1
DA:90,1
DA:91,1
DA:92,1
DA:93,1
DA:94,1
DA:95,1
DA:96,1
DA:97,1
DA:98,1
DA:99,1
DA:100,1
DA:101,1
DA:102,1
DA:103,1
DA:104,1
DA:105,1
DA:106,1
DA:107,1
DA:108,1
DA:109,1
DA:110,1
DA:111,1
DA:112,1
DA:113,1
DA:114,1
DA:115,1
DA:116,1
DA:117,1
DA:118,1
DA:119,1
DA:120,1
DA:121,1
DA:122,1
DA:123,1
DA:124,1
DA:125,1
DA:126,1
DA:127,1
DA:128,1
DA:129,1
DA:130,1
DA:131,1
DA:132,1
DA:133,1
DA:134,1
DA:135,1
DA:136,1
DA:137,1
LF:137
LH:137
BRDA:8,0,0,6
BRDA:12,1,0,1
BRDA:19,2,0,1
BRDA:37,3,0,1
BRDA:44,4,0,1
BRDA:62,5,0,1
BRDA:69,6,0,1
BRF:7
BRH:7
end_of_record
TN:
SF:src/ejercicio-3/Funko Pops/funco.ts
FN:7,<instance_members_initializer>
FN:32,Funko
FN:59,get id_
FN:66,set id_
FN:72,get nombre_
FN:79,set nombre_
FN:85,get descripcion_
FN:92,set descripcion_
FN:98,get tipo_
FN:105,set tipo_
FN:111,get genero_
FN:118,set genero_
FN:124,get franquicia_
FN:131,set franquicia_
FN:137,get numero_
FN:144,set numero_
FN:150,get exclusivo_
FN:157,set exclusivo_
FN:163,get caracteristicasEspeciales_
FN:170,set caracteristicasEspeciales_
FN:177,get valorDeMercado_
FN:184,set valorDeMercado_
FNF:22
FNH:22
FNDA:25,<instance_members_initializer>
FNDA:25,Funko
FNDA:2,get id_
FNDA:1,set id_
FNDA:2,get nombre_
FNDA:1,set nombre_
FNDA:2,get descripcion_
FNDA:1,set descripcion_
FNDA:2,get tipo_
FNDA:1,set tipo_
FNDA:2,get genero_
FNDA:1,set genero_
FNDA:2,get franquicia_
FNDA:1,set franquicia_
FNDA:2,get numero_
FNDA:1,set numero_
FNDA:2,get exclusivo_
FNDA:1,set exclusivo_
FNDA:2,get caracteristicasEspeciales_
FNDA:1,set caracteristicasEspeciales_
FNDA:2,get valorDeMercado_
FNDA:1,set valorDeMercado_
DA:1,1
DA:2,1
DA:3,1
DA:4,1
DA:5,1
DA:6,1
DA:7,1
DA:8,25
DA:9,25
DA:10,25
DA:11,25
DA:12,25
DA:13,25
DA:14,25
DA:15,25
DA:16,25
DA:17,25
DA:18,25
DA:19,25
DA:20,25
DA:21,25
DA:22,25
DA:23,25
DA:24,25
DA:25,25
DA:26,25
DA:27,25
DA:28,25
DA:29,25
DA:30,25
DA:31,25
DA:32,25
DA:33,25
DA:34,25
DA:35,25
DA:36,25
DA:37,25
DA:38,25
DA:39,25
DA:40,25
DA:41,25
DA:42,25
DA:43,25
DA:44,25
DA:45,25
DA:46,25
DA:47,25
DA:48,25
DA:49,25
DA:50,25
DA:51,25
DA:52,25
DA:53,25
DA:54,25
DA:55,25
DA:56,25
DA:57,25
DA:58,25
DA:59,25
DA:60,2
DA:61,2
DA:62,25
DA:63,25
DA:64,25
DA:65,25
DA:66,25
DA:67,1
DA:68,1
DA:69,25
DA:70,25
DA:71,25
DA:72,25
DA:73,2
DA:74,2
DA:75,25
DA:76,25
DA:77,25
DA:78,25
DA:79,25
DA:80,1
DA:81,1
DA:82,25
DA:83,25
DA:84,25
DA:85,25
DA:86,2
DA:87,2
DA:88,25
DA:89,25
DA:90,25
DA:91,25
DA:92,25
DA:93,1
DA:94,1
DA:95,25
DA:96,25
DA:97,25
DA:98,25
DA:99,2
DA:100,2
DA:101,25
DA:102,25
DA:103,25
DA:104,25
DA:105,25
DA:106,1
DA:107,1
DA:108,25
DA:109,25
DA:110,25
DA:111,25
DA:112,2
DA:113,2
DA:114,25
DA:115,25
DA:116,25
DA:117,25
DA:118,25
DA:119,1
DA:120,1
DA:121,25
DA:122,25
DA:123,25
DA:124,25
DA:125,2
DA:126,2
DA:127,25
DA:128,25
DA:129,25
DA:130,25
DA:131,25
DA:132,1
DA:133,1
DA:134,25
DA:135,25
DA:136,25
DA:137,25
DA:138,2
DA:139,2
DA:140,25
DA:141,25
DA:142,25
DA:143,25
DA:144,25
DA:145,1
DA:146,1
DA:147,25
DA:148,25
DA:149,25
DA:150,25
DA:151,2
DA:152,2
DA:153,25
DA:154,25
DA:155,25
DA:156,25
DA:157,25
DA:158,1
DA:159,1
DA:160,25
DA:161,25
DA:162,25
DA:163,25
DA:164,2
DA:165,2
DA:166,25
DA:167,25
DA:168,25
DA:169,25
DA:170,25
DA:171,1
DA:172,1
DA:173,25
DA:174,25
DA:175,25
DA:176,25
DA:177,25
DA:178,2
DA:179,2
DA:180,25
DA:181,25
DA:182,25
DA:183,25
DA:184,25
DA:185,1
DA:186,1
DA:187,25
LF:187
LH:187
BRDA:7,0,0,25
BRDA:32,1,0,25
BRDA:59,2,0,2
BRDA:66,3,0,1
BRDA:72,4,0,2
BRDA:79,5,0,1
BRDA:85,6,0,2
BRDA:92,7,0,1
BRDA:98,8,0,2
BRDA:105,9,0,1
BRDA:111,10,0,2
BRDA:118,11,0,1
BRDA:124,12,0,2
BRDA:131,13,0,1
BRDA:137,14,0,2
BRDA:144,15,0,1
BRDA:150,16,0,2
BRDA:157,17,0,1
BRDA:163,18,0,2
BRDA:170,19,0,1
BRDA:177,20,0,2
BRDA:184,21,0,1
BRF:22
BRH:22
end_of_record
TN:
SF:src/ejercicio-3/Funko Pops/funkoCollection.ts
FN:14,FuncosCollection
FN:21,almacenarFunkoUsuario
FN:42,eliminarFunkoUsuario
FN:60,cargarFunkosUsuario
FN:86,modificarFunkoUsuario
FN:106,listarFunkosUsuario
FN:150,mostrarFunkoUsuario
FNF:7
FNH:7
FNDA:28,FuncosCollection
FNDA:10,almacenarFunkoUsuario
FNDA:7,eliminarFunkoUsuario
FNDA:4,cargarFunkosUsuario
FNDA:4,modificarFunkoUsuario
FNDA:2,listarFunkosUsuario
FNDA:7,mostrarFunkoUsuario
DA:1,1
DA:2,1
DA:3,1
DA:4,1
DA:5,1
DA:6,1
DA:7,1
DA:8,1
DA:9,1
DA:10,1
DA:11,1
DA:12,1
DA:13,1
DA:14,1
DA:15,28
DA:16,1
DA:17,1
DA:18,1
DA:19,1
DA:20,1
DA:21,1
DA:22,10
DA:23,10
DA:24,10
DA:25,10
DA:26,10
DA:27,10
DA:28,3
DA:29,3
DA:30,3
DA:31,7
DA:32,7
DA:33,7
DA:34,7
DA:35,7
DA:36,7
DA:37,1
DA:38,1
DA:39,1
DA:40,1
DA:41,1
DA:42,1
DA:43,7
DA:44,7
DA:45,7
DA:46,7
DA:47,7
DA:48,5
DA:49,5
DA:50,5
DA:51,7
DA:52,2
DA:53,2
DA:54,2
DA:55,7
DA:56,1
DA:57,1
DA:58,1
DA:59,1
DA:60,1
DA:61,4
DA:62,4
DA:63,4
DA:64,4
DA:65,2
DA:66,2
DA:67,2
DA:68,2
DA:69,5
DA:70,5
DA:71,5
DA:72,5
DA:73,2
DA:74,2
DA:75,2
DA:76,2
DA:77,2
DA:78,2
DA:79,4
DA:80,1
DA:81,1
DA:82,1
DA:83,1
DA:84,1
DA:85,1
DA:86,1
DA:87,4
DA:88,4
DA:89,4
DA:90,4
DA:91,2
DA:92,2
DA:93,2
DA:94,2
DA:95,2
DA:96,2
DA:97,2
DA:98,2
DA:99,2
DA:100,2
DA:101,4
DA:102,1
DA:103,1
DA:104,1
DA:105,1
DA:106,1
DA:107,2
DA:108,2
DA:109,2
DA:110,2
DA:111,2
DA:112,2
DA:113,2
DA:114,2
DA:115,2
DA:116,2
DA:117,1
DA:118,1
DA:119,1
DA:120,1
DA:121,2
DA:122,4
DA:123,4
DA:124,4
DA:125,4
DA:126,4
DA:127,1
DA:128,4
DA:129,1
DA:130,3
DA:131,1
DA:132,1
DA:133,1
DA:134,1
DA:135,4
DA:136,4
DA:137,4
DA:138,4
DA:139,4
DA:140,4
DA:141,4
DA:142,4
DA:143,1
DA:144,1
DA:145,1
DA:146,1
DA:147,1
DA:148,1
DA:149,1
DA:150,1
DA:151,7
DA:152,7
DA:153,7
DA:154,7
DA:155,7
DA:156,6
DA:157,6
DA:158,6
DA:159,6
DA:160,6
DA:161,6
DA:162,7
DA:163,1
DA:164,1
DA:165,1
DA:166,7
DA:167,7
DA:168,1
LF:168
LH:168
BRDA:14,0,0,28
BRDA:21,1,0,10
BRDA:27,2,0,3
BRDA:31,3,0,7
BRDA:42,4,0,7
BRDA:47,5,0,5
BRDA:51,6,0,2
BRDA:60,7,0,4
BRDA:64,8,0,2
BRDA:68,9,0,5
BRDA:86,10,0,4
BRDA:90,11,0,2
BRDA:106,12,0,2
BRDA:116,13,0,1
BRDA:121,14,0,4
BRDA:126,15,0,1
BRDA:128,16,0,3
BRDA:128,17,0,1
BRDA:130,18,0,2
BRDA:130,19,0,1
BRDA:143,20,0,1
BRDA:150,21,0,7
BRDA:155,22,0,6
BRDA:162,23,0,1
BRF:24
BRH:24
end_of_record
TN:
SF:src/ejercicio-3/Funko Pops/genero.ts
FNF:0
FNH:0
DA:1,1
DA:2,1
DA:3,1
DA:4,1
DA:5,1
DA:6,1
DA:7,1
DA:8,1
DA:9,1
DA:10,1
DA:11,1
LF:11
LH:11
BRDA:4,0,0,1
BRF:1
BRH:1
end_of_record
TN:
SF:src/ejercicio-3/Funko Pops/main.ts
FNF:0
FNH:0
DA:1,1
DA:2,1
DA:3,1
DA:4,1
DA:5,1
DA:6,1
DA:7,1
DA:8,1
DA:9,1
DA:10,1
DA:11,1
DA:12,1
DA:13,1
DA:14,1
DA:15,1
DA:16,1
DA:17,1
DA:18,1
DA:19,1
DA:20,1
DA:21,1
DA:22,1
DA:23,1
DA:24,1
DA:25,1
DA:26,1
DA:27,1
DA:28,1
DA:29,1
DA:30,1
DA:31,1
DA:32,1
DA:33,1
DA:34,1
DA:35,1
DA:36,1
DA:37,1
DA:38,1
DA:39,1
DA:40,1
DA:41,1
DA:42,1
DA:43,1
DA:44,1
DA:45,1
DA:46,1
DA:47,1
DA:48,1
DA:49,1
DA:50,1
DA:51,1
DA:52,1
DA:53,1
DA:54,1
DA:55,1
DA:56,1
DA:57,1
DA:58,1
DA:59,1
DA:60,1
DA:61,1
DA:62,1
DA:63,1
DA:64,1
DA:65,1
DA:66,1
DA:67,1
DA:68,1
DA:69,1
DA:70,1
DA:71,1
DA:72,1
DA:73,1
DA:74,1
DA:75,1
LF:75
LH:75
BRF:0
BRH:0
end_of_record
TN:
SF:src/ejercicio-3/Funko Pops/tipo.ts
FNF:0
FNH:0
DA:1,1
DA:2,1
DA:3,1
DA:4,1
DA:5,1
DA:6,1
DA:7,1
DA:8,1
DA:9,1
LF:9
LH:9
BRDA:4,0,0,1
BRF:1
BRH:1
end_of_record
